<?xml version="1.0" encoding="UTF-8"?>
<testng-results ignored="0" total="1" passed="1" failed="0" skipped="0">
  <reporter-output>
  </reporter-output>
  <suite started-at="2021-05-18T12:25:51Z" name="Default suite" finished-at="2021-05-18T12:26:18Z" duration-ms="26213">
    <groups>
    </groups>
    <test started-at="2021-05-18T12:25:51Z" name="Default test" finished-at="2021-05-18T12:26:18Z" duration-ms="26213">
      <class name="task.Jira">
        <test-method is-config="true" signature="setUp()[pri:0, instance:task.Jira@7ba8c737]" started-at="2021-05-18T12:25:52Z" name="setUp" finished-at="2021-05-18T12:25:55Z" duration-ms="3985" status="PASS">
          <reporter-output>
          </reporter-output>
        </test-method> <!-- setUp -->
        <test-method signature="bugcapture()[pri:0, instance:task.Jira@7ba8c737]" started-at="2021-05-18T12:25:56Z" name="bugcapture" finished-at="2021-05-18T12:26:18Z" duration-ms="21616" status="PASS">
          <reporter-output>
          </reporter-output>
        </test-method> <!-- bugcapture -->
      </class> <!-- task.Jira -->
    </test> <!-- Default test -->
  </suite> <!-- Default suite -->
</testng-results>
